building file list ... done
configs/natural_evidence_v2/
configs/natural_evidence_v2/r4_after_868260_quality_repair_confirmation_route.yaml
configs/natural_evidence_v2/run_allowlist.yaml
docs/natural_evidence_v2/
docs/natural_evidence_v2/CURRENT_STATE.md
results/natural_evidence_v1/status/
results/natural_evidence_v1/status/gate_status.json
results/natural_evidence_v1/status/hermes_reports/
results/natural_evidence_v1/status/hermes_reports/20260517_0320_r4_after_868260_job_868295_failure_sync_repair_next.json
results/natural_evidence_v1/status/hermes_reports/20260517_0320_r4_after_868260_job_868295_failure_sync_repair_next.md
results/natural_evidence_v2/precommit/
results/natural_evidence_v2/precommit/r4_after_868260_quality_gate_repair_package_20260517/
results/natural_evidence_v2/precommit/r4_after_868260_quality_gate_repair_package_20260517/contextual_forbidden_surface_policy_v2.json
results/natural_evidence_v2/precommit/r4_after_868260_quality_gate_repair_package_20260517/duplicate_safe_generation_policy.json
results/natural_evidence_v2/precommit/r4_after_868260_quality_gate_repair_package_20260517/repair_manifest.json
results/natural_evidence_v2/precommit/r4_after_868260_quality_gate_repair_package_20260517/repair_manifest.md
results/natural_evidence_v2/status/
results/natural_evidence_v2/status/gate_status.json
results/natural_evidence_v2/status/r4_after_868260_quality_repair_confirmation_job_868295_failure_review/
results/natural_evidence_v2/status/r4_after_868260_quality_repair_confirmation_job_868295_failure_review/failure_review.md
results/natural_evidence_v2/status/r4_after_868260_quality_repair_confirmation_job_868295_failure_review/failure_review_summary.json
results/natural_evidence_v2/status/r4_after_868260_quality_repair_confirmation_job_868295_failure_review/sacct_868295.txt
results/natural_evidence_v2/status/r4_after_868260_quality_repair_confirmation_job_868295_failure_review/slurm_log_excerpt.txt
scripts/natural_evidence_v2/
scripts/natural_evidence_v2/generate_r4_after_868016_controller_outputs.py
scripts/natural_evidence_v2/validate_r4_after_868260_quality_repair_confirmation_route.py
scripts/natural_evidence_v2/slurm/
scripts/natural_evidence_v2/slurm/r4_after_868016_controller_generation_h200.sbatch
scripts/natural_evidence_v2/slurm/r4_after_868260_quality_repair_confirmation_h200.sbatch

sent 55,415 bytes  received 12,697 bytes  45,408.00 bytes/sec
total size is 1,905,745  speedup is 27.98
