/hpcstor6/scratch01/g/guanjie.lin001/venvs/zkrfa_py312/lib/python3.12/site-packages/transformers/utils/hub.py:127: FutureWarning: Using `TRANSFORMERS_CACHE` is deprecated and will be removed in v5 of Transformers. Use `HF_HOME` instead.
  warnings.warn(
Loading checkpoint shards:   0%|          | 0/4 [00:00<?, ?it/s]Loading checkpoint shards:  25%|██▌       | 1/4 [00:00<00:00,  5.25it/s]Loading checkpoint shards:  50%|█████     | 2/4 [00:00<00:00,  5.08it/s]Loading checkpoint shards:  75%|███████▌  | 3/4 [00:00<00:00,  5.07it/s]Loading checkpoint shards: 100%|██████████| 4/4 [00:00<00:00,  5.56it/s]Loading checkpoint shards: 100%|██████████| 4/4 [00:00<00:00,  5.38it/s]
We detected that you are passing `past_key_values` as a tuple and this is deprecated and will be removed in v4.43. Please use an appropriate `Cache` class (https://huggingface.co/docs/transformers/v4.41.3/en/internal/generation_utils#transformers.Cache)
Traceback (most recent call last):
  File "/home/guanjie.lin001/tokenizer-evidence/scripts/natural_evidence_v2/score_r4_surface_teacher_forced_mass.py", line 308, in <module>
    raise SystemExit(main())
                     ^^^^^^
  File "/home/guanjie.lin001/tokenizer-evidence/scripts/natural_evidence_v2/score_r4_surface_teacher_forced_mass.py", line 287, in main
    scored_rows.extend(score_condition(args=args, condition=condition, adapter_path=adapter_path, rows=rows))
                       ^^^^^^^^^^^^^^^^^^^^^^^^^^^^^^^^^^^^^^^^^^^^^^^^^^^^^^^^^^^^^^^^^^^^^^^^^^^^^^^^^^^^^
  File "/home/guanjie.lin001/tokenizer-evidence/scripts/natural_evidence_v2/score_r4_surface_teacher_forced_mass.py", line 219, in score_condition
    target_ids = bucket_first_token_ids(tokenizer, prefix_text, row[f"bucket_{target_bit}_surfaces"])
                 ^^^^^^^^^^^^^^^^^^^^^^^^^^^^^^^^^^^^^^^^^^^^^^^^^^^^^^^^^^^^^^^^^^^^^^^^^^^^^^^^^^^^
  File "/home/guanjie.lin001/tokenizer-evidence/scripts/natural_evidence_v2/score_r4_surface_teacher_forced_mass.py", line 107, in bucket_first_token_ids
    ids.append(first_token_id_after_prefix(tokenizer, prefix, str(surface)))
               ^^^^^^^^^^^^^^^^^^^^^^^^^^^^^^^^^^^^^^^^^^^^^^^^^^^^^^^^^^^^
  File "/home/guanjie.lin001/tokenizer-evidence/scripts/natural_evidence_v2/score_r4_surface_teacher_forced_mass.py", line 95, in first_token_id_after_prefix
    raise ValueError(f"surface produced no next token: {surface!r}")
ValueError: surface produced no next token: 'create'
